<?xml version="1.0" encoding="UTF-8"?>
<!-- Generated by org.testng.reporters.JUnitXMLReporter -->
<testsuite hostname="DESKTOP-TO1J636" name="Test" tests="16" failures="0" timestamp="5 Jan 2021 04:29:28 GMT" time="24.837" errors="0">
  <testcase name="getAPITest" time="3.281" classname="testAPI.GETAPITest"/>
  <testcase name="getAPITest1" time="1.298" classname="testAPI.GETAPITest"/>
  <testcase name="getAPITest" time="0.873" classname="testAPI.GETAPITest1"/>
  <testcase name="getAPITest1" time="1.573" classname="testAPI.GETAPITest1"/>
  <testcase name="getAPITest" time="0.978" classname="testAPI.GETAPITest2"/>
  <testcase name="getAPITest1" time="1.925" classname="testAPI.GETAPITest2"/>
  <testcase name="getAPITest" time="0.737" classname="testAPI.GETAPITest3"/>
  <testcase name="getAPITest1" time="2.062" classname="testAPI.GETAPITest3"/>
  <testcase name="getAPITest" time="0.742" classname="testAPI.GETAPITest4"/>
  <testcase name="getAPITest1" time="1.326" classname="testAPI.GETAPITest4"/>
  <testcase name="getAPITest" time="0.876" classname="testAPI.GETAPITest5"/>
  <testcase name="getAPITest1" time="1.902" classname="testAPI.GETAPITest5"/>
  <testcase name="getAPITest" time="0.956" classname="testAPI.GETAPITest6"/>
  <testcase name="getAPITest1" time="2.236" classname="testAPI.GETAPITest6"/>
  <testcase name="getAPITest" time="0.948" classname="testAPI.GETAPITest7"/>
  <testcase name="getAPITest1" time="1.919" classname="testAPI.GETAPITest7"/>
</testsuite> <!-- Test -->
