<?xml version="1.0" encoding="UTF-8"?>
<testng-results skipped="0" failed="0" total="16" passed="16">
  <reporter-output>
  </reporter-output>
  <suite name="Suite" duration-ms="24837" started-at="2021-01-05T04:29:02Z" finished-at="2021-01-05T04:29:27Z">
    <groups>
    </groups>
    <test name="Test" duration-ms="24837" started-at="2021-01-05T04:29:02Z" finished-at="2021-01-05T04:29:27Z">
      <class name="testAPI.GETAPITest">
        <test-method status="PASS" signature="baseTest()[pri:0, instance:testAPI.GETAPITest@402a079c]" name="baseTest" is-config="true" duration-ms="802" started-at="2021-01-05T09:59:03Z" finished-at="2021-01-05T09:59:04Z">
          <reporter-output>
          </reporter-output>
        </test-method> <!-- baseTest -->
        <test-method status="PASS" signature="getAPITest()[pri:0, instance:testAPI.GETAPITest@402a079c]" name="getAPITest" duration-ms="3281" started-at="2021-01-05T09:59:04Z" finished-at="2021-01-05T09:59:07Z">
          <reporter-output>
          </reporter-output>
        </test-method> <!-- getAPITest -->
        <test-method status="PASS" signature="getAPITest1()[pri:0, instance:testAPI.GETAPITest@402a079c]" name="getAPITest1" duration-ms="1298" started-at="2021-01-05T09:59:07Z" finished-at="2021-01-05T09:59:08Z">
          <reporter-output>
          </reporter-output>
        </test-method> <!-- getAPITest1 -->
      </class> <!-- testAPI.GETAPITest -->
      <class name="testAPI.GETAPITest1">
        <test-method status="PASS" signature="baseTest()[pri:0, instance:testAPI.GETAPITest1@59ec2012]" name="baseTest" is-config="true" duration-ms="50" started-at="2021-01-05T09:59:08Z" finished-at="2021-01-05T09:59:08Z">
          <reporter-output>
          </reporter-output>
        </test-method> <!-- baseTest -->
        <test-method status="PASS" signature="getAPITest()[pri:0, instance:testAPI.GETAPITest1@59ec2012]" name="getAPITest" duration-ms="873" started-at="2021-01-05T09:59:08Z" finished-at="2021-01-05T09:59:09Z">
          <reporter-output>
          </reporter-output>
        </test-method> <!-- getAPITest -->
        <test-method status="PASS" signature="getAPITest1()[pri:0, instance:testAPI.GETAPITest1@59ec2012]" name="getAPITest1" duration-ms="1573" started-at="2021-01-05T09:59:09Z" finished-at="2021-01-05T09:59:11Z">
          <reporter-output>
          </reporter-output>
        </test-method> <!-- getAPITest1 -->
      </class> <!-- testAPI.GETAPITest1 -->
      <class name="testAPI.GETAPITest2">
        <test-method status="PASS" signature="baseTest()[pri:0, instance:testAPI.GETAPITest2@4cf777e8]" name="baseTest" is-config="true" duration-ms="0" started-at="2021-01-05T09:59:11Z" finished-at="2021-01-05T09:59:11Z">
          <reporter-output>
          </reporter-output>
        </test-method> <!-- baseTest -->
        <test-method status="PASS" signature="getAPITest()[pri:0, instance:testAPI.GETAPITest2@4cf777e8]" name="getAPITest" duration-ms="978" started-at="2021-01-05T09:59:11Z" finished-at="2021-01-05T09:59:12Z">
          <reporter-output>
          </reporter-output>
        </test-method> <!-- getAPITest -->
        <test-method status="PASS" signature="getAPITest1()[pri:0, instance:testAPI.GETAPITest2@4cf777e8]" name="getAPITest1" duration-ms="1925" started-at="2021-01-05T09:59:12Z" finished-at="2021-01-05T09:59:14Z">
          <reporter-output>
          </reporter-output>
        </test-method> <!-- getAPITest1 -->
      </class> <!-- testAPI.GETAPITest2 -->
      <class name="testAPI.GETAPITest3">
        <test-method status="PASS" signature="baseTest()[pri:0, instance:testAPI.GETAPITest3@2f686d1f]" name="baseTest" is-config="true" duration-ms="2" started-at="2021-01-05T09:59:14Z" finished-at="2021-01-05T09:59:14Z">
          <reporter-output>
          </reporter-output>
        </test-method> <!-- baseTest -->
        <test-method status="PASS" signature="getAPITest()[pri:0, instance:testAPI.GETAPITest3@2f686d1f]" name="getAPITest" duration-ms="737" started-at="2021-01-05T09:59:14Z" finished-at="2021-01-05T09:59:14Z">
          <reporter-output>
          </reporter-output>
        </test-method> <!-- getAPITest -->
        <test-method status="PASS" signature="getAPITest1()[pri:0, instance:testAPI.GETAPITest3@2f686d1f]" name="getAPITest1" duration-ms="2062" started-at="2021-01-05T09:59:14Z" finished-at="2021-01-05T09:59:16Z">
          <reporter-output>
          </reporter-output>
        </test-method> <!-- getAPITest1 -->
      </class> <!-- testAPI.GETAPITest3 -->
      <class name="testAPI.GETAPITest4">
        <test-method status="PASS" signature="baseTest()[pri:0, instance:testAPI.GETAPITest4@3fee9989]" name="baseTest" is-config="true" duration-ms="1" started-at="2021-01-05T09:59:16Z" finished-at="2021-01-05T09:59:16Z">
          <reporter-output>
          </reporter-output>
        </test-method> <!-- baseTest -->
        <test-method status="PASS" signature="getAPITest()[pri:0, instance:testAPI.GETAPITest4@3fee9989]" name="getAPITest" duration-ms="742" started-at="2021-01-05T09:59:16Z" finished-at="2021-01-05T09:59:17Z">
          <reporter-output>
          </reporter-output>
        </test-method> <!-- getAPITest -->
        <test-method status="PASS" signature="getAPITest1()[pri:0, instance:testAPI.GETAPITest4@3fee9989]" name="getAPITest1" duration-ms="1326" started-at="2021-01-05T09:59:17Z" finished-at="2021-01-05T09:59:18Z">
          <reporter-output>
          </reporter-output>
        </test-method> <!-- getAPITest1 -->
      </class> <!-- testAPI.GETAPITest4 -->
      <class name="testAPI.GETAPITest5">
        <test-method status="PASS" signature="baseTest()[pri:0, instance:testAPI.GETAPITest5@73ad2d6]" name="baseTest" is-config="true" duration-ms="1" started-at="2021-01-05T09:59:18Z" finished-at="2021-01-05T09:59:18Z">
          <reporter-output>
          </reporter-output>
        </test-method> <!-- baseTest -->
        <test-method status="PASS" signature="getAPITest()[pri:0, instance:testAPI.GETAPITest5@73ad2d6]" name="getAPITest" duration-ms="876" started-at="2021-01-05T09:59:18Z" finished-at="2021-01-05T09:59:19Z">
          <reporter-output>
          </reporter-output>
        </test-method> <!-- getAPITest -->
        <test-method status="PASS" signature="getAPITest1()[pri:0, instance:testAPI.GETAPITest5@73ad2d6]" name="getAPITest1" duration-ms="1902" started-at="2021-01-05T09:59:19Z" finished-at="2021-01-05T09:59:21Z">
          <reporter-output>
          </reporter-output>
        </test-method> <!-- getAPITest1 -->
      </class> <!-- testAPI.GETAPITest5 -->
      <class name="testAPI.GETAPITest6">
        <test-method status="PASS" signature="baseTest()[pri:0, instance:testAPI.GETAPITest6@7085bdee]" name="baseTest" is-config="true" duration-ms="1" started-at="2021-01-05T09:59:21Z" finished-at="2021-01-05T09:59:21Z">
          <reporter-output>
          </reporter-output>
        </test-method> <!-- baseTest -->
        <test-method status="PASS" signature="getAPITest()[pri:0, instance:testAPI.GETAPITest6@7085bdee]" name="getAPITest" duration-ms="956" started-at="2021-01-05T09:59:21Z" finished-at="2021-01-05T09:59:22Z">
          <reporter-output>
          </reporter-output>
        </test-method> <!-- getAPITest -->
        <test-method status="PASS" signature="getAPITest1()[pri:0, instance:testAPI.GETAPITest6@7085bdee]" name="getAPITest1" duration-ms="2236" started-at="2021-01-05T09:59:22Z" finished-at="2021-01-05T09:59:24Z">
          <reporter-output>
          </reporter-output>
        </test-method> <!-- getAPITest1 -->
      </class> <!-- testAPI.GETAPITest6 -->
      <class name="testAPI.GETAPITest7">
        <test-method status="PASS" signature="baseTest()[pri:0, instance:testAPI.GETAPITest7@1ce92674]" name="baseTest" is-config="true" duration-ms="2" started-at="2021-01-05T09:59:24Z" finished-at="2021-01-05T09:59:24Z">
          <reporter-output>
          </reporter-output>
        </test-method> <!-- baseTest -->
        <test-method status="PASS" signature="getAPITest()[pri:0, instance:testAPI.GETAPITest7@1ce92674]" name="getAPITest" duration-ms="948" started-at="2021-01-05T09:59:24Z" finished-at="2021-01-05T09:59:25Z">
          <reporter-output>
          </reporter-output>
        </test-method> <!-- getAPITest -->
        <test-method status="PASS" signature="getAPITest1()[pri:0, instance:testAPI.GETAPITest7@1ce92674]" name="getAPITest1" duration-ms="1919" started-at="2021-01-05T09:59:25Z" finished-at="2021-01-05T09:59:27Z">
          <reporter-output>
          </reporter-output>
        </test-method> <!-- getAPITest1 -->
      </class> <!-- testAPI.GETAPITest7 -->
    </test> <!-- Test -->
  </suite> <!-- Suite -->
</testng-results>
